#
# There is insufficient memory for the Java Runtime Environment to continue.
# Native memory allocation (malloc) failed to allocate 1048576 bytes for AllocateHeap
# Possible reasons:
#   The system is out of physical RAM or swap space
#   In 32 bit mode, the process size limit was hit
# Possible solutions:
#   Reduce memory load on the system
#   Increase physical memory or swap space
#   Check if swap backing store is full
#   Use 64 bit Java on a 64 bit OS
#   Decrease Java heap size (-Xmx/-Xms)
#   Decrease number of Java threads
#   Decrease Java thread stack sizes (-Xss)
#   Set larger code cache with -XX:ReservedCodeCacheSize=
# This output file may be truncated or incomplete.
#
#  Out of Memory Error (memory/allocation.inline.hpp:61), pid=7256, tid=0x0000000000003230
#
# JRE version:  (8.0_144-b01) (build )
# Java VM: Java HotSpot(TM) 64-Bit Server VM (25.144-b01 mixed mode windows-amd64 compressed oops)
# Failed to write core dump. Minidumps are not enabled by default on client versions of Windows
#

---------------  T H R E A D  ---------------

Current thread (0x000000000446e000):  JavaThread "Unknown thread" [_thread_in_vm, id=12848, stack(0x0000000004480000,0x0000000004580000)]

Stack: [0x0000000004480000,0x0000000004580000]
[error occurred during error reporting (printing stack bounds), id 0xc0000005]

Native frames: (J=compiled Java code, j=interpreted, Vv=VM code, C=native code)


---------------  P R O C E S S  ---------------

Java Threads: ( => current thread )

Other Threads:

=>0x000000000446e000 (exited) JavaThread "Unknown thread" [_thread_in_vm, id=12848, stack(0x0000000004480000,0x0000000004580000)]

VM state:not at safepoint (normal execution)

VM Mutex/Monitor currently owned by a thread: None

Heap:
 PSYoungGen      total 38400K, used 665K [0x00000000d5e00000, 0x00000000d8880000, 0x0000000100000000)
  eden space 33280K, 2% used [0x00000000d5e00000,0x00000000d5ea6670,0x00000000d7e80000)
  from space 5120K, 0% used [0x00000000d8380000,0x00000000d8380000,0x00000000d8880000)
  to   space 5120K, 0% used [0x00000000d7e80000,0x00000000d7e80000,0x00000000d8380000)
 ParOldGen       total 87552K, used 0K [0x0000000081a00000, 0x0000000086f80000, 0x00000000d5e00000)
  object space 87552K, 0% used [0x0000000081a00000,0x0000000081a00000,0x0000000086f80000)
 Metaspace       used 770K, capacity 4480K, committed 4480K, reserved 1056768K
  class space    used 75K, capacity 384K, committed 384K, reserved 1048576K

Card table byte_map: [0x0000000013a40000,0x0000000013e40000] byte_map_base: 0x0000000013633000

Marking Bits: (ParMarkBitMap*) 0x0000000056e3d850
 Begin Bits: [0x00000000144f0000, 0x0000000016488000)
 End Bits:   [0x0000000016488000, 0x0000000018420000)

Polling page: 0x00000000027e0000

CodeCache: size=245760Kb used=328Kb max_used=328Kb free=245431Kb
 bounds [0x0000000004680000, 0x00000000048f0000, 0x0000000013680000]
 total_blobs=58 nmethods=0 adapters=38
 compilation: enabled

Compilation events (0 events):
No events

GC Heap History (0 events):
No events

Deoptimization events (0 events):
No events

Internal exceptions (0 events):
No events

Events (10 events):
Event: 0.159 loading class java/lang/Short
Event: 0.159 loading class java/lang/Short done
Event: 0.159 loading class java/lang/Integer
Event: 0.159 loading class java/lang/Integer done
Event: 0.159 loading class java/lang/Long
Event: 0.160 loading class java/lang/Long done
Event: 0.160 loading class java/lang/NullPointerException
Event: 0.160 loading class java/lang/NullPointerException done
Event: 0.160 loading class java/lang/ArithmeticException
Event: 0.160 loading class java/lang/ArithmeticException done


Dynamic libraries:
0x00007ff737580000 - 0x00007ff7375b7000 	C:\Program Files\Java\jdk1.8.0_144\bin\java.exe
0x00007ffc3bfd0000 - 0x00007ffc3c1b0000 	C:\WINDOWS\SYSTEM32\ntdll.dll
0x00007ffc3b400000 - 0x00007ffc3b4ae000 	C:\WINDOWS\System32\KERNEL32.DLL
0x00007ffc390b0000 - 0x00007ffc39316000 	C:\WINDOWS\System32\KERNELBASE.dll
0x00007ffc3b060000 - 0x00007ffc3b101000 	C:\WINDOWS\System32\ADVAPI32.dll
0x00007ffc3b6d0000 - 0x00007ffc3b76d000 	C:\WINDOWS\System32\msvcrt.dll
0x00007ffc3b960000 - 0x00007ffc3b9bb000 	C:\WINDOWS\System32\sechost.dll
0x00007ffc3bb10000 - 0x00007ffc3bc2f000 	C:\WINDOWS\System32\RPCRT4.dll
0x00007ffc3aed0000 - 0x00007ffc3b05f000 	C:\WINDOWS\System32\USER32.dll
0x00007ffc39090000 - 0x00007ffc390b0000 	C:\WINDOWS\System32\win32u.dll
0x00007ffc3b3d0000 - 0x00007ffc3b3f8000 	C:\WINDOWS\System32\GDI32.dll
0x00007ffc38650000 - 0x00007ffc387e3000 	C:\WINDOWS\System32\gdi32full.dll
0x00007ffc38f40000 - 0x00007ffc38fdb000 	C:\WINDOWS\System32\msvcp_win.dll
0x00007ffc39320000 - 0x00007ffc39416000 	C:\WINDOWS\System32\ucrtbase.dll
0x00007ffc2e430000 - 0x00007ffc2e699000 	C:\WINDOWS\WinSxS\amd64_microsoft.windows.common-controls_6595b64144ccf1df_6.0.16299.192_none_15c8cdae9364c23b\COMCTL32.dll
0x00007ffc3bc30000 - 0x00007ffc3bf38000 	C:\WINDOWS\System32\combase.dll
0x00007ffc39420000 - 0x00007ffc39492000 	C:\WINDOWS\System32\bcryptPrimitives.dll
0x00007ffc3b930000 - 0x00007ffc3b95d000 	C:\WINDOWS\System32\IMM32.DLL
0x0000000056ec0000 - 0x0000000056f92000 	C:\Program Files\Java\jdk1.8.0_144\jre\bin\msvcr100.dll
0x0000000056620000 - 0x0000000056ebd000 	C:\Program Files\Java\jdk1.8.0_144\jre\bin\server\jvm.dll
0x00007ffc3b1f0000 - 0x00007ffc3b1f8000 	C:\WINDOWS\System32\PSAPI.DLL
0x00007ffc34370000 - 0x00007ffc34379000 	C:\WINDOWS\SYSTEM32\WSOCK32.dll
0x00007ffc32770000 - 0x00007ffc32793000 	C:\WINDOWS\SYSTEM32\WINMM.dll
0x00007ffc30980000 - 0x00007ffc3098a000 	C:\WINDOWS\SYSTEM32\VERSION.dll
0x00007ffc311c0000 - 0x00007ffc311ea000 	C:\WINDOWS\SYSTEM32\WINMMBASE.dll
0x00007ffc38fe0000 - 0x00007ffc3902a000 	C:\WINDOWS\System32\cfgmgr32.dll
0x00007ffc3b4b0000 - 0x00007ffc3b51c000 	C:\WINDOWS\System32\WS2_32.dll
0x0000000056610000 - 0x000000005661f000 	C:\Program Files\Java\jdk1.8.0_144\jre\bin\verify.dll
0x00000000565e0000 - 0x0000000056609000 	C:\Program Files\Java\jdk1.8.0_144\jre\bin\java.dll
0x00000000565c0000 - 0x00000000565d6000 	C:\Program Files\Java\jdk1.8.0_144\jre\bin\zip.dll

VM Arguments:
jvm_args: -Dorg.gradle.appname=gradlew 
java_command: org.gradle.wrapper.GradleWrapperMain installDebug
java_class_path (initial): h:\Research\React Native\ReactNativeExample\android\\gradle\wrapper\gradle-wrapper.jar
Launcher Type: SUN_STANDARD

Environment Variables:
JAVA_HOME=C:\Program Files\Java\jdk1.8.0_144
CLASSPATH=h:\Research\React Native\ReactNativeExample\android\\gradle\wrapper\gradle-wrapper.jar
PATH=C:\Python27\;C:\Python27\Scripts;C:\ProgramData\Oracle\Java\javapath;C:\app\Trung\product\11.2.0\dbhome_1\bin;C:\Program Files (x86)\Common Files\NetSarang;C:\Windows\system32;C:\Windows;C:\Windows\System32\Wbem;C:\Windows\System32\WindowsPowerShell\v1.0\;C:\Program Files (x86)\NVIDIA Corporation\PhysX\Common;C:\WINDOWS\system32;C:\WINDOWS;C:\WINDOWS\System32\Wbem;C:\WINDOWS\System32\WindowsPowerShell\v1.0\;C:\Program Files (x86)\Java\jre1.8.0_111\bin;C:\Program Files\Microsoft SQL Server\130\Tools\Binn\;C:\Program Files\TortoiseSVN\bin;C:\Program Files (x86)\Skype\Phone\;C:\Program Files\Java\jdk1.7.0_79\bin;C:\Program Files\Sublime Text 3;C:\Program Files\Git\cmd;C:\ProgramData\chocolatey\bin;C:\Users\Trung\AppData\Local\Android\sdk\tools;C:\Program Files\nodejs\;C:\Program Files (x86)\Yarn\bin;C:\Users\Trung\AppData\Local\Microsoft\WindowsApps;;C:\Program Files\Heroku\bin;C:\Users\Trung\AppData\Roaming\npm;C:\Users\Trung\AppData\Local\Yarn\bin;C:\Program Files\Microsoft VS Code\bin
USERNAME=Trung
OS=Windows_NT
PROCESSOR_IDENTIFIER=Intel64 Family 6 Model 78 Stepping 3, GenuineIntel



---------------  S Y S T E M  ---------------

OS: Windows 10.0 , 64 bit Build 16299 (10.0.16299.15)

CPU:total 4 (initial active 4) (2 cores per cpu, 2 threads per core) family 6 model 78 stepping 3, cmov, cx8, fxsr, mmx, sse, sse2, sse3, ssse3, sse4.1, sse4.2, popcnt, avx, avx2, aes, clmul, erms, 3dnowpref, lzcnt, ht, tsc, tscinvbit, bmi1, bmi2, adx

Memory: 4k page, physical 8275968k(504268k free), swap 8275968k(6008k free)

vm_info: Java HotSpot(TM) 64-Bit Server VM (25.144-b01) for windows-amd64 JRE (1.8.0_144-b01), built on Jul 21 2017 21:57:33 by "java_re" with MS VC++ 10.0 (VS2010)

time: Wed Jan 10 21:05:51 2018
elapsed time: 0 seconds (0d 0h 0m 0s)

