#
# There is insufficient memory for the Java Runtime Environment to continue.
# Native memory allocation (malloc) failed to allocate 737776 bytes for Chunk::new
# Possible reasons:
#   The system is out of physical RAM or swap space
#   In 32 bit mode, the process size limit was hit
# Possible solutions:
#   Reduce memory load on the system
#   Increase physical memory or swap space
#   Check if swap backing store is full
#   Use 64 bit Java on a 64 bit OS
#   Decrease Java heap size (-Xmx/-Xms)
#   Decrease number of Java threads
#   Decrease Java thread stack sizes (-Xss)
#   Set larger code cache with -XX:ReservedCodeCacheSize=
# This output file may be truncated or incomplete.
#
#  Out of Memory Error (allocation.cpp:390), pid=13700, tid=0x0000000000002fb4
#
# JRE version: Java(TM) SE Runtime Environment (8.0_144-b01) (build 1.8.0_144-b01)
# Java VM: Java HotSpot(TM) 64-Bit Server VM (25.144-b01 mixed mode windows-amd64 compressed oops)
# Failed to write core dump. Minidumps are not enabled by default on client versions of Windows
#

---------------  T H R E A D  ---------------

Current thread (0x0000000017041800):  JavaThread "C2 CompilerThread1" daemon [_thread_in_native, id=12212, stack(0x0000000018850000,0x0000000018950000)]

Stack: [0x0000000018850000,0x0000000018950000]
[error occurred during error reporting (printing stack bounds), id 0xc0000005]

Native frames: (J=compiled Java code, j=interpreted, Vv=VM code, C=native code)


Current CompileTask:
C2:   4133 1614   !   4       com.android.dx.cf.code.BytecodeArray::parseInstruction (2764 bytes)


---------------  P R O C E S S  ---------------

Java Threads: ( => current thread )
  0x0000000018d6c000 JavaThread "pool-1-thread-4" [_thread_in_Java, id=11304, stack(0x0000000019450000,0x0000000019550000)]
  0x0000000018d6b000 JavaThread "pool-1-thread-3" [_thread_in_vm, id=3440, stack(0x0000000019350000,0x0000000019450000)]
  0x0000000018d6a800 JavaThread "pool-1-thread-2" [_thread_in_vm, id=9828, stack(0x0000000019250000,0x0000000019350000)]
  0x0000000018cd7000 JavaThread "pool-2-thread-1" [_thread_blocked, id=13212, stack(0x0000000019150000,0x0000000019250000)]
  0x0000000018d65800 JavaThread "pool-1-thread-1" [_thread_blocked, id=8668, stack(0x0000000019050000,0x0000000019150000)]
  0x0000000018a54000 JavaThread "Service Thread" daemon [_thread_blocked, id=3268, stack(0x0000000018e50000,0x0000000018f50000)]
  0x000000001704d000 JavaThread "C1 CompilerThread2" daemon [_thread_in_native, id=7532, stack(0x0000000018950000,0x0000000018a50000)]
=>0x0000000017041800 JavaThread "C2 CompilerThread1" daemon [_thread_in_native, id=12212, stack(0x0000000018850000,0x0000000018950000)]
  0x0000000016ff1000 JavaThread "C2 CompilerThread0" daemon [_thread_in_native, id=14140, stack(0x0000000018750000,0x0000000018850000)]
  0x0000000016fee800 JavaThread "Attach Listener" daemon [_thread_blocked, id=8860, stack(0x0000000018650000,0x0000000018750000)]
  0x0000000016fed800 JavaThread "Signal Dispatcher" daemon [_thread_blocked, id=5456, stack(0x0000000018550000,0x0000000018650000)]
  0x00000000048ec000 JavaThread "Finalizer" daemon [_thread_blocked, id=9504, stack(0x0000000018250000,0x0000000018350000)]
  0x00000000048e1000 JavaThread "Reference Handler" daemon [_thread_blocked, id=13300, stack(0x0000000018150000,0x0000000018250000)]
  0x000000000073e000 JavaThread "main" [_thread_in_Java, id=10864, stack(0x00000000046e0000,0x00000000047e0000)]

Other Threads:
  0x0000000016fb8000 VMThread [stack: 0x0000000018050000,0x0000000018150000] [id=13080]
  0x0000000018a5f800 WatcherThread [stack: 0x0000000018f50000,0x0000000019050000] [id=12508]

VM state:not at safepoint (normal execution)

VM Mutex/Monitor currently owned by a thread: None

Heap:
 PSYoungGen      total 71680K, used 50823K [0x00000000eab00000, 0x00000000ef600000, 0x0000000100000000)
  eden space 66560K, 68% used [0x00000000eab00000,0x00000000ed7a90b0,0x00000000eec00000)
  from space 5120K, 99% used [0x00000000ef100000,0x00000000ef5f8d28,0x00000000ef600000)
  to   space 5120K, 0% used [0x00000000eec00000,0x00000000eec00000,0x00000000ef100000)
 ParOldGen       total 87552K, used 6875K [0x00000000c0000000, 0x00000000c5580000, 0x00000000eab00000)
  object space 87552K, 7% used [0x00000000c0000000,0x00000000c06b6d40,0x00000000c5580000)
 Metaspace       used 6459K, capacity 7192K, committed 7424K, reserved 1056768K
  class space    used 638K, capacity 656K, committed 768K, reserved 1048576K

Card table byte_map: [0x0000000013cc0000,0x0000000013ed0000] byte_map_base: 0x00000000136c0000

Marking Bits: (ParMarkBitMap*) 0x000000005767d850
 Begin Bits: [0x0000000014430000, 0x0000000015430000)
 End Bits:   [0x0000000015430000, 0x0000000016430000)

Polling page: 0x0000000002c20000

CodeCache: size=245760Kb used=7188Kb max_used=7188Kb free=238571Kb
 bounds [0x0000000004900000, 0x0000000005010000, 0x0000000013900000]
 total_blobs=1947 nmethods=1677 adapters=182
 compilation: enabled

Compilation events (10 events):
Event: 4.106 Thread 0x000000001704d000 1688       2       com.android.dx.cf.code.BaseMachine::storeResults (90 bytes)
Event: 4.106 Thread 0x000000001704d000 nmethod 1688 0x0000000005004a10 code [0x0000000005004be0, 0x0000000005005068]
Event: 4.106 Thread 0x000000001704d000 1689       2       com.android.dx.rop.cst.CstType::getType (4 bytes)
Event: 4.106 Thread 0x000000001704d000 nmethod 1689 0x00000000050054d0 code [0x0000000005005620, 0x0000000005005770]
Event: 4.107 Thread 0x000000001704d000 1690       2       com.android.dx.rop.code.SourcePosition::equals (46 bytes)
Event: 4.107 Thread 0x000000001704d000 nmethod 1690 0x0000000005005810 code [0x0000000005005980, 0x0000000005005bc8]
Event: 4.109 Thread 0x000000001704d000 1692       2       com.android.dx.rop.type.StdTypeList::equalContents (56 bytes)
Event: 4.109 Thread 0x000000001704d000 nmethod 1692 0x0000000005005cd0 code [0x0000000005005e80, 0x00000000050061c8]
Event: 4.112 Thread 0x000000001704d000 1693       2       com.android.dx.util.IntList::binarysearch (124 bytes)
Event: 4.113 Thread 0x000000001704d000 nmethod 1693 0x0000000005006410 code [0x0000000005006580, 0x0000000005006890]

GC Heap History (4 events):
Event: 2.555 GC heap before
{Heap before GC invocations=1 (full 0):
 PSYoungGen      total 38400K, used 33280K [0x00000000eab00000, 0x00000000ed580000, 0x0000000100000000)
  eden space 33280K, 100% used [0x00000000eab00000,0x00000000ecb80000,0x00000000ecb80000)
  from space 5120K, 0% used [0x00000000ed080000,0x00000000ed080000,0x00000000ed580000)
  to   space 5120K, 0% used [0x00000000ecb80000,0x00000000ecb80000,0x00000000ed080000)
 ParOldGen       total 87552K, used 0K [0x00000000c0000000, 0x00000000c5580000, 0x00000000eab00000)
  object space 87552K, 0% used [0x00000000c0000000,0x00000000c0000000,0x00000000c5580000)
 Metaspace       used 6237K, capacity 7064K, committed 7424K, reserved 1056768K
  class space    used 619K, capacity 656K, committed 768K, reserved 1048576K
Event: 2.645 GC heap after
Heap after GC invocations=1 (full 0):
 PSYoungGen      total 38400K, used 5113K [0x00000000eab00000, 0x00000000ef600000, 0x0000000100000000)
  eden space 33280K, 0% used [0x00000000eab00000,0x00000000eab00000,0x00000000ecb80000)
  from space 5120K, 99% used [0x00000000ecb80000,0x00000000ed07e518,0x00000000ed080000)
  to   space 5120K, 0% used [0x00000000ef100000,0x00000000ef100000,0x00000000ef600000)
 ParOldGen       total 87552K, used 2274K [0x00000000c0000000, 0x00000000c5580000, 0x00000000eab00000)
  object space 87552K, 2% used [0x00000000c0000000,0x00000000c02388e0,0x00000000c5580000)
 Metaspace       used 6237K, capacity 7064K, committed 7424K, reserved 1056768K
  class space    used 619K, capacity 656K, committed 768K, reserved 1048576K
}
Event: 3.714 GC heap before
{Heap before GC invocations=2 (full 0):
 PSYoungGen      total 38400K, used 38393K [0x00000000eab00000, 0x00000000ef600000, 0x0000000100000000)
  eden space 33280K, 100% used [0x00000000eab00000,0x00000000ecb80000,0x00000000ecb80000)
  from space 5120K, 99% used [0x00000000ecb80000,0x00000000ed07e518,0x00000000ed080000)
  to   space 5120K, 0% used [0x00000000ef100000,0x00000000ef100000,0x00000000ef600000)
 ParOldGen       total 87552K, used 2274K [0x00000000c0000000, 0x00000000c5580000, 0x00000000eab00000)
  object space 87552K, 2% used [0x00000000c0000000,0x00000000c02388e0,0x00000000c5580000)
 Metaspace       used 6391K, capacity 7128K, committed 7424K, reserved 1056768K
  class space    used 637K, capacity 656K, committed 768K, reserved 1048576K
Event: 3.836 GC heap after
Heap after GC invocations=2 (full 0):
 PSYoungGen      total 71680K, used 5091K [0x00000000eab00000, 0x00000000ef600000, 0x0000000100000000)
  eden space 66560K, 0% used [0x00000000eab00000,0x00000000eab00000,0x00000000eec00000)
  from space 5120K, 99% used [0x00000000ef100000,0x00000000ef5f8d28,0x00000000ef600000)
  to   space 5120K, 0% used [0x00000000eec00000,0x00000000eec00000,0x00000000ef100000)
 ParOldGen       total 87552K, used 6875K [0x00000000c0000000, 0x00000000c5580000, 0x00000000eab00000)
  object space 87552K, 7% used [0x00000000c0000000,0x00000000c06b6d40,0x00000000c5580000)
 Metaspace       used 6391K, capacity 7128K, committed 7424K, reserved 1056768K
  class space    used 637K, capacity 656K, committed 768K, reserved 1048576K
}

Deoptimization events (10 events):
Event: 3.867 Thread 0x0000000018d65800 Uncommon trap: reason=unstable_if action=reinterpret pc=0x0000000004e3da00 method=java.util.HashMap.getNode(ILjava/lang/Object;)Ljava/util/HashMap$Node; @ 84
Event: 3.874 Thread 0x0000000018d6a800 Uncommon trap: reason=bimorphic action=maybe_recompile pc=0x0000000004f51b88 method=com.android.dx.cf.code.BytecodeArray.parseInstruction(ILcom/android/dx/cf/code/BytecodeArray$Visitor;)I @ 1287
Event: 3.874 Thread 0x0000000018d6a800 Uncommon trap: reason=bimorphic action=maybe_recompile pc=0x0000000004f51b88 method=com.android.dx.cf.code.BytecodeArray.parseInstruction(ILcom/android/dx/cf/code/BytecodeArray$Visitor;)I @ 1287
Event: 3.930 Thread 0x0000000018d6c000 Uncommon trap: reason=unstable_if action=reinterpret pc=0x0000000004eb4660 method=com.android.dx.rop.code.RegisterSpecSet.localItemToSpec(Lcom/android/dx/rop/code/LocalItem;)Lcom/android/dx/rop/code/RegisterSpec; @ 35
Event: 3.932 Thread 0x0000000018d6c000 Uncommon trap: reason=unstable_if action=reinterpret pc=0x0000000004fc4aa0 method=com.android.dx.ssa.SCCP.simulateStmt(Lcom/android/dx/ssa/SsaInsn;)V @ 59
Event: 3.990 Thread 0x0000000018d65800 Uncommon trap: reason=unstable_if action=reinterpret pc=0x0000000004f30c78 method=com.android.dx.ssa.InterferenceRegisterMapper.interferes(III)Z @ 69
Event: 4.019 Thread 0x0000000018d6b000 Uncommon trap: reason=bimorphic action=maybe_recompile pc=0x0000000004feb438 method=com.android.dx.rop.code.RegisterSpec.withSimpleType()Lcom/android/dx/rop/code/RegisterSpec; @ 21
Event: 4.077 Thread 0x0000000018d6b000 Uncommon trap: reason=unstable_if action=reinterpret pc=0x0000000004fda64c method=java.util.HashMap.putVal(ILjava/lang/Object;Ljava/lang/Object;ZZ)Ljava/lang/Object; @ 109
Event: 4.099 Thread 0x000000000073e000 Uncommon trap: reason=unstable_if action=reinterpret pc=0x0000000004f4554c method=com.android.dx.cf.code.BaseMachine.getLocalTarget(Z)Lcom/android/dx/rop/code/RegisterSpec; @ 131
Event: 4.109 Thread 0x000000000073e000 Uncommon trap: reason=unstable_if action=reinterpret pc=0x0000000004db2afc method=com.android.dx.util.IntList.binarysearch(I)I @ 105

Internal exceptions (5 events):
Event: 0.039 Thread 0x000000000073e000 Exception <a 'java/lang/NoSuchMethodError': Method sun.misc.Unsafe.defineClass(Ljava/lang/String;[BII)Ljava/lang/Class; name or signature does not match> (0x00000000eab07ca8) thrown at [C:\re\workspace\8-2-build-windows-amd64-cygwin\jdk8u144\9417\hotspot\
Event: 0.039 Thread 0x000000000073e000 Exception <a 'java/lang/NoSuchMethodError': Method sun.misc.Unsafe.prefetchRead(Ljava/lang/Object;J)V name or signature does not match> (0x00000000eab07f90) thrown at [C:\re\workspace\8-2-build-windows-amd64-cygwin\jdk8u144\9417\hotspot\src\share\vm\prims
Event: 2.834 Thread 0x000000000073e000 Exception <a 'java/lang/ArrayIndexOutOfBoundsException': 18> (0x00000000ec37ef98) thrown at [C:\re\workspace\8-2-build-windows-amd64-cygwin\jdk8u144\9417\hotspot\src\share\vm\interpreter\interpreterRuntime.cpp, line 366]
Event: 2.834 Thread 0x000000000073e000 Exception <a 'java/lang/ArrayIndexOutOfBoundsException': 145> (0x00000000ec380b18) thrown at [C:\re\workspace\8-2-build-windows-amd64-cygwin\jdk8u144\9417\hotspot\src\share\vm\interpreter\interpreterRuntime.cpp, line 366]
Event: 2.835 Thread 0x000000000073e000 Exception <a 'java/lang/ArrayIndexOutOfBoundsException'> (0x00000000ec381e00) thrown at [C:\re\workspace\8-2-build-windows-amd64-cygwin\jdk8u144\9417\hotspot\src\share\vm\runtime\sharedRuntime.cpp, line 605]

Events (10 events):
Event: 4.077 Thread 0x0000000018d6b000 DEOPT PACKING pc=0x0000000004fda64c sp=0x000000001944ea90
Event: 4.077 Thread 0x0000000018d6b000 DEOPT UNPACKING pc=0x000000000494582a sp=0x000000001944e938 mode 2
Event: 4.088 loading class com/android/dx/cf/attrib/AttExceptions
Event: 4.088 loading class com/android/dx/cf/attrib/AttExceptions done
Event: 4.099 Thread 0x000000000073e000 Uncommon trap: trap_request=0xffffff65 fr.pc=0x0000000004f4554c
Event: 4.099 Thread 0x000000000073e000 DEOPT PACKING pc=0x0000000004f4554c sp=0x00000000047dd3c0
Event: 4.099 Thread 0x000000000073e000 DEOPT UNPACKING pc=0x000000000494582a sp=0x00000000047dd2d0 mode 2
Event: 4.109 Thread 0x000000000073e000 Uncommon trap: trap_request=0xffffff65 fr.pc=0x0000000004db2afc
Event: 4.109 Thread 0x000000000073e000 DEOPT PACKING pc=0x0000000004db2afc sp=0x00000000047ddf20
Event: 4.109 Thread 0x000000000073e000 DEOPT UNPACKING pc=0x000000000494582a sp=0x00000000047dde98 mode 2


Dynamic libraries:
0x00007ff737580000 - 0x00007ff7375b7000 	C:\Program Files\Java\jdk1.8.0_144\bin\java.exe
0x00007ffc3bfd0000 - 0x00007ffc3c1b0000 	C:\WINDOWS\SYSTEM32\ntdll.dll
0x00007ffc3b400000 - 0x00007ffc3b4ae000 	C:\WINDOWS\System32\KERNEL32.DLL
0x00007ffc390b0000 - 0x00007ffc39316000 	C:\WINDOWS\System32\KERNELBASE.dll
0x00007ffc3b060000 - 0x00007ffc3b101000 	C:\WINDOWS\System32\ADVAPI32.dll
0x00007ffc3b6d0000 - 0x00007ffc3b76d000 	C:\WINDOWS\System32\msvcrt.dll
0x00007ffc3b960000 - 0x00007ffc3b9bb000 	C:\WINDOWS\System32\sechost.dll
0x00007ffc3bb10000 - 0x00007ffc3bc2f000 	C:\WINDOWS\System32\RPCRT4.dll
0x00007ffc3aed0000 - 0x00007ffc3b05f000 	C:\WINDOWS\System32\USER32.dll
0x00007ffc39090000 - 0x00007ffc390b0000 	C:\WINDOWS\System32\win32u.dll
0x00007ffc3b3d0000 - 0x00007ffc3b3f8000 	C:\WINDOWS\System32\GDI32.dll
0x00007ffc38650000 - 0x00007ffc387e3000 	C:\WINDOWS\System32\gdi32full.dll
0x00007ffc38f40000 - 0x00007ffc38fdb000 	C:\WINDOWS\System32\msvcp_win.dll
0x00007ffc39320000 - 0x00007ffc39416000 	C:\WINDOWS\System32\ucrtbase.dll
0x00007ffc2e430000 - 0x00007ffc2e699000 	C:\WINDOWS\WinSxS\amd64_microsoft.windows.common-controls_6595b64144ccf1df_6.0.16299.192_none_15c8cdae9364c23b\COMCTL32.dll
0x00007ffc3bc30000 - 0x00007ffc3bf38000 	C:\WINDOWS\System32\combase.dll
0x00007ffc39420000 - 0x00007ffc39492000 	C:\WINDOWS\System32\bcryptPrimitives.dll
0x00007ffc3b930000 - 0x00007ffc3b95d000 	C:\WINDOWS\System32\IMM32.DLL
0x0000000057700000 - 0x00000000577d2000 	C:\Program Files\Java\jdk1.8.0_144\jre\bin\msvcr100.dll
0x0000000056e60000 - 0x00000000576fd000 	C:\Program Files\Java\jdk1.8.0_144\jre\bin\server\jvm.dll
0x00007ffc3b1f0000 - 0x00007ffc3b1f8000 	C:\WINDOWS\System32\PSAPI.DLL
0x00007ffc34370000 - 0x00007ffc34379000 	C:\WINDOWS\SYSTEM32\WSOCK32.dll
0x00007ffc3b4b0000 - 0x00007ffc3b51c000 	C:\WINDOWS\System32\WS2_32.dll
0x00007ffc32770000 - 0x00007ffc32793000 	C:\WINDOWS\SYSTEM32\WINMM.dll
0x00007ffc30980000 - 0x00007ffc3098a000 	C:\WINDOWS\SYSTEM32\VERSION.dll
0x00007ffc311c0000 - 0x00007ffc311ea000 	C:\WINDOWS\SYSTEM32\WINMMBASE.dll
0x00007ffc38fe0000 - 0x00007ffc3902a000 	C:\WINDOWS\System32\cfgmgr32.dll
0x0000000056e50000 - 0x0000000056e5f000 	C:\Program Files\Java\jdk1.8.0_144\jre\bin\verify.dll
0x0000000056e20000 - 0x0000000056e49000 	C:\Program Files\Java\jdk1.8.0_144\jre\bin\java.dll
0x0000000056e00000 - 0x0000000056e16000 	C:\Program Files\Java\jdk1.8.0_144\jre\bin\zip.dll
0x00007ffc39640000 - 0x00007ffc3aa76000 	C:\WINDOWS\System32\SHELL32.dll
0x00007ffc39570000 - 0x00007ffc39616000 	C:\WINDOWS\System32\shcore.dll
0x00007ffc387f0000 - 0x00007ffc38f37000 	C:\WINDOWS\System32\windows.storage.dll
0x00007ffc3b200000 - 0x00007ffc3b251000 	C:\WINDOWS\System32\shlwapi.dll
0x00007ffc38340000 - 0x00007ffc38351000 	C:\WINDOWS\System32\kernel.appcore.dll
0x00007ffc38380000 - 0x00007ffc383cc000 	C:\WINDOWS\System32\powrprof.dll
0x00007ffc38320000 - 0x00007ffc3833b000 	C:\WINDOWS\System32\profapi.dll

VM Arguments:
jvm_args: -Djava.awt.headless=true -Xmx1024M -Dfile.encoding=windows-1252 -Duser.country=US -Duser.language=en -Duser.variant 
java_command: com.android.dx.command.Main --dex --num-threads=4 --output H:\Research\React Native\ReactNativeExample\android\app\build\intermediates\pre-dexed\debug\com.android.support-support-v4-23.0.1_631cea0bf12f64081f0ffe24614335f15f5247c9.jar H:\Research\React Native\ReactNativeExample\android\app\build\intermediates\exploded-aar\com.android.support\support-v4\23.0.1\jars\classes.jar
java_class_path (initial): C:\Users\Trung\AppData\Local\Android\sdk\build-tools\23.0.1\lib\dx.jar
Launcher Type: SUN_STANDARD

Environment Variables:
JAVA_HOME=C:\Program Files\Java\jdk1.8.0_144
CLASSPATH=h:\Research\React Native\ReactNativeExample\android\\gradle\wrapper\gradle-wrapper.jar
PATH=C:\Python27\;C:\Python27\Scripts;C:\ProgramData\Oracle\Java\javapath;C:\app\Trung\product\11.2.0\dbhome_1\bin;C:\Program Files (x86)\Common Files\NetSarang;C:\Windows\system32;C:\Windows;C:\Windows\System32\Wbem;C:\Windows\System32\WindowsPowerShell\v1.0\;C:\Program Files (x86)\NVIDIA Corporation\PhysX\Common;C:\WINDOWS\system32;C:\WINDOWS;C:\WINDOWS\System32\Wbem;C:\WINDOWS\System32\WindowsPowerShell\v1.0\;C:\Program Files (x86)\Java\jre1.8.0_111\bin;C:\Program Files\Microsoft SQL Server\130\Tools\Binn\;C:\Program Files\TortoiseSVN\bin;C:\Program Files (x86)\Skype\Phone\;C:\Program Files\Java\jdk1.7.0_79\bin;C:\Program Files\Sublime Text 3;C:\Program Files\Git\cmd;C:\ProgramData\chocolatey\bin;C:\Users\Trung\AppData\Local\Android\sdk\tools;C:\Program Files\nodejs\;C:\Program Files (x86)\Yarn\bin;C:\Users\Trung\AppData\Local\Microsoft\WindowsApps;;C:\Program Files\Heroku\bin;C:\Users\Trung\AppData\Roaming\npm;C:\Users\Trung\AppData\Local\Yarn\bin;C:\Program Files\Microsoft VS Code\bin
USERNAME=Trung
OS=Windows_NT
PROCESSOR_IDENTIFIER=Intel64 Family 6 Model 78 Stepping 3, GenuineIntel



---------------  S Y S T E M  ---------------

OS: Windows 10.0 , 64 bit Build 16299 (10.0.16299.15)

CPU:total 4 (initial active 4) (2 cores per cpu, 2 threads per core) family 6 model 78 stepping 3, cmov, cx8, fxsr, mmx, sse, sse2, sse3, ssse3, sse4.1, sse4.2, popcnt, avx, avx2, aes, clmul, erms, 3dnowpref, lzcnt, ht, tsc, tscinvbit, bmi1, bmi2, adx

Memory: 4k page, physical 8275968k(979064k free), swap 8275968k(5544k free)

vm_info: Java HotSpot(TM) 64-Bit Server VM (25.144-b01) for windows-amd64 JRE (1.8.0_144-b01), built on Jul 21 2017 21:57:33 by "java_re" with MS VC++ 10.0 (VS2010)

time: Wed Jan 10 20:54:20 2018
elapsed time: 4 seconds (0d 0h 0m 4s)

